<?xml version="1.0" encoding="UTF-8"?>
<!-- Generated by org.testng.reporters.JUnitReportReporter -->
<testsuite hostname="DESKTOP-G3C6RHR" failures="0" tests="1" name="car.Mazda" time="25.427" errors="0" timestamp="2023-08-31T05:18:01 AST" skipped="0">
  <testcase classname="car.Mazda" name="search" time="25.427"/>
  <system-out>
    <![CDATA[Data is loaded from properties file.
Number of shown cars: 5
Number of shown cars after filter: 3]]>
  </system-out>
</testsuite> <!-- car.Mazda -->
